<?xml version="1.0" encoding="UTF-8"?>
<testsuite xmlns:xsi="http://www.w3.org/2001/XMLSchema-instance" xsi:schemaLocation="https://maven.apache.org/surefire/maven-surefire-plugin/xsd/surefire-test-report.xsd" name="com.mulesoft.training.HelloMavenTest" time="6.533" tests="2" errors="1" skipped="0" failures="0">
  <properties>
    <property name="java.runtime.name" value="Java(TM) SE Runtime Environment"/>
    <property name="sun.boot.library.path" value="C:\Program Files\Java\jdk1.8.0_112\jre\bin"/>
    <property name="java.vm.version" value="25.112-b15"/>
    <property name="java.vm.vendor" value="Oracle Corporation"/>
    <property name="maven.multiModuleProjectDirectory" value="c:\Users\info0083\AnypointStudio\workspaceMaven\maven-project"/>
    <property name="java.vendor.url" value="http://java.oracle.com/"/>
    <property name="path.separator" value=";"/>
    <property name="guice.disable.misplaced.annotation.check" value="true"/>
    <property name="java.vm.name" value="Java HotSpot(TM) 64-Bit Server VM"/>
    <property name="file.encoding.pkg" value="sun.io"/>
    <property name="user.script" value=""/>
    <property name="user.country" value="CA"/>
    <property name="sun.java.launcher" value="SUN_STANDARD"/>
    <property name="sun.os.patch.level" value=""/>
    <property name="java.vm.specification.name" value="Java Virtual Machine Specification"/>
    <property name="user.dir" value="c:\Users\info0083\AnypointStudio\workspaceMaven\maven-project"/>
    <property name="java.runtime.version" value="1.8.0_112-b15"/>
    <property name="java.awt.graphicsenv" value="sun.awt.Win32GraphicsEnvironment"/>
    <property name="java.endorsed.dirs" value="C:\Program Files\Java\jdk1.8.0_112\jre\lib\endorsed"/>
    <property name="os.arch" value="amd64"/>
    <property name="java.io.tmpdir" value="C:\Users\info0083\AppData\Local\Temp\"/>
    <property name="line.separator" value="&#10;"/>
    <property name="java.vm.specification.vendor" value="Oracle Corporation"/>
    <property name="user.variant" value=""/>
    <property name="os.name" value="Windows 10"/>
    <property name="classworlds.conf" value="C:\Program Files\apache-maven-3.3.9\bin\..\bin\m2.conf"/>
    <property name="sun.jnu.encoding" value="Cp1252"/>
    <property name="java.library.path" value="C:\Program Files\Java\jdk1.8.0_112\bin;C:\WINDOWS\Sun\Java\bin;C:\WINDOWS\system32;C:\WINDOWS;C:\Program Files\Java\jdk1.8.0_112\bin;C:\Program Files\apache-maven-3.3.9\bin;C:\ProgramData\Oracle\Java\javapath;C:\IBM\WebSphere MQ\java\lib;C:\IBM\WebSphere MQ\java\lib64;C:\WINDOWS\system32;C:\WINDOWS;C:\WINDOWS\System32\Wbem;C:\WINDOWS\System32\WindowsPowerShell\v1.0\;C:\Program Files (x86)\IBM\Client Access\Emulator;C:\Program Files (x86)\IBM\Client Access\Shared;C:\Program Files (x86)\IBM\Client Access\;C:\IBM\WebSphere MQ\bin64;C:\IBM\WebSphere MQ\bin;C:\IBM\WebSphere MQ\tools\c\samples\bin;&quot;C:\Program Files\Git\bin&quot;;C:\Users\info0083\AppData\Local\Microsoft\WindowsApps;;."/>
    <property name="java.specification.name" value="Java Platform API Specification"/>
    <property name="java.class.version" value="52.0"/>
    <property name="sun.management.compiler" value="HotSpot 64-Bit Tiered Compilers"/>
    <property name="os.version" value="10.0"/>
    <property name="user.home" value="C:\Users\info0083"/>
    <property name="user.timezone" value="America/New_York"/>
    <property name="java.awt.printerjob" value="sun.awt.windows.WPrinterJob"/>
    <property name="java.specification.version" value="1.8"/>
    <property name="file.encoding" value="Cp1252"/>
    <property name="user.name" value="info0083"/>
    <property name="java.class.path" value="C:\Program Files\apache-maven-3.3.9\bin\..\boot\plexus-classworlds-2.5.2.jar"/>
    <property name="java.vm.specification.version" value="1.8"/>
    <property name="sun.arch.data.model" value="64"/>
    <property name="java.home" value="C:\Program Files\Java\jdk1.8.0_112\jre"/>
    <property name="sun.java.command" value="org.codehaus.plexus.classworlds.launcher.Launcher clean package"/>
    <property name="java.specification.vendor" value="Oracle Corporation"/>
    <property name="user.language" value="fr"/>
    <property name="awt.toolkit" value="sun.awt.windows.WToolkit"/>
    <property name="java.vm.info" value="mixed mode"/>
    <property name="java.version" value="1.8.0_112"/>
    <property name="java.ext.dirs" value="C:\Program Files\Java\jdk1.8.0_112\jre\lib\ext;C:\WINDOWS\Sun\Java\lib\ext"/>
    <property name="sun.boot.class.path" value="C:\Program Files\Java\jdk1.8.0_112\jre\lib\resources.jar;C:\Program Files\Java\jdk1.8.0_112\jre\lib\rt.jar;C:\Program Files\Java\jdk1.8.0_112\jre\lib\sunrsasign.jar;C:\Program Files\Java\jdk1.8.0_112\jre\lib\jsse.jar;C:\Program Files\Java\jdk1.8.0_112\jre\lib\jce.jar;C:\Program Files\Java\jdk1.8.0_112\jre\lib\charsets.jar;C:\Program Files\Java\jdk1.8.0_112\jre\lib\jfr.jar;C:\Program Files\Java\jdk1.8.0_112\jre\classes"/>
    <property name="sun.stderr.encoding" value="cp850"/>
    <property name="java.vendor" value="Oracle Corporation"/>
    <property name="maven.home" value="C:\Program Files\apache-maven-3.3.9\bin\.."/>
    <property name="file.separator" value="\"/>
    <property name="java.vendor.url.bug" value="http://bugreport.sun.com/bugreport/"/>
    <property name="sun.cpu.endian" value="little"/>
    <property name="sun.io.unicode.encoding" value="UnicodeLittle"/>
    <property name="sun.stdout.encoding" value="cp850"/>
    <property name="sun.desktop" value="windows"/>
    <property name="sun.cpu.isalist" value="amd64"/>
  </properties>
  <testcase name="mavenFlowReturnsHelloMaven" classname="com.mulesoft.training.HelloMavenTest" time="4.956"/>
  <testcase name="retrieveFlightsAddsAppropriateHeader" classname="com.mulesoft.training.HelloMavenTest" time="0.948">
    <error type="java.lang.NullPointerException">java.lang.NullPointerException
	at com.mulesoft.training.HelloMavenTest.retrieveFlightsAddsAppropriateHeader(HelloMavenTest.java:18)
</error>
    <system-out><![CDATA[
================================================================================
= Testing: retrieveFlightsAddsAppropriateHeader                                =
================================================================================
INFO  2016-12-20 11:39:07,919 [Thread-15] com.mulesoft.training.HelloMavenTest: Using working directory for test: C:\Users\info0083\AppData\Local\Temp\junit2549836926325870181
INFO  2016-12-20 11:39:07,923 [Thread-15] org.mule.lifecycle.AbstractLifecycleManager: Initialising RegistryBroker
INFO  2016-12-20 11:39:07,928 [Thread-15] org.mule.config.spring.MuleArtifactContext: Refreshing org.mule.config.spring.MuleArtifactContext@3ce31c0e: startup date [Tue Dec 20 11:39:07 EST 2016]; root of context hierarchy
INFO  2016-12-20 11:39:08,161 [Thread-15] org.mule.config.spring.processors.NoDevkitInjectorProcessor: JSR-330 'javax.inject.Inject' annotation found and supported for autowiring
WARN  2016-12-20 11:39:08,182 [Thread-15] org.mule.expression.DefaultExpressionManager: Expression string is not an expression.  Use isExpression(String) to validate first
WARN  2016-12-20 11:39:08,182 [Thread-15] org.mule.expression.DefaultExpressionManager: Expression string is not an expression.  Use isExpression(String) to validate first
INFO  2016-12-20 11:39:08,261 [Thread-15] org.mule.util.journal.TransactionJournal: Using files for tx logs C:\Users\info0083\AppData\Local\Temp\junit2549836926325870181\queue-tx-log\tx1.log and C:\Users\info0083\AppData\Local\Temp\junit2549836926325870181\queue-tx-log\tx2.log
INFO  2016-12-20 11:39:08,262 [Thread-15] org.mule.util.journal.TransactionJournal: Using files for tx logs C:\Users\info0083\AppData\Local\Temp\junit2549836926325870181\queue-xa-tx-log\tx1.log and C:\Users\info0083\AppData\Local\Temp\junit2549836926325870181\queue-xa-tx-log\tx2.log
INFO  2016-12-20 11:39:08,264 [Thread-15] org.mule.lifecycle.AbstractLifecycleManager: Initialising connector: Active_MQ
INFO  2016-12-20 11:39:08,274 [Thread-15] org.mule.lifecycle.AbstractLifecycleManager: Initialising model: _muleSystemModel
INFO  2016-12-20 11:39:08,274 [Thread-15] org.mule.construct.FlowConstructLifecycleManager: Initialising flow: mavenFlow
INFO  2016-12-20 11:39:08,275 [Thread-15] org.mule.exception.DefaultMessagingExceptionStrategy: Initialising exception listener: org.mule.exception.DefaultMessagingExceptionStrategy@2db2c1df
INFO  2016-12-20 11:39:08,277 [Thread-15] org.mule.processor.SedaStageLifecycleManager: Initialising service: mavenFlow.stage1
INFO  2016-12-20 11:39:08,277 [Thread-15] org.mule.construct.FlowConstructLifecycleManager: Initialising flow: retreiveFlights
INFO  2016-12-20 11:39:08,277 [Thread-15] org.mule.exception.DefaultMessagingExceptionStrategy: Initialising exception listener: org.mule.exception.DefaultMessagingExceptionStrategy@18f3fd7a
INFO  2016-12-20 11:39:08,280 [Thread-15] org.mule.processor.SedaStageLifecycleManager: Initialising service: retreiveFlights.stage1
INFO  2016-12-20 11:39:08,280 [Thread-15] org.mule.construct.FlowConstructLifecycleManager: Initialising flow: logFlights
INFO  2016-12-20 11:39:08,281 [Thread-15] org.mule.exception.DefaultMessagingExceptionStrategy: Initialising exception listener: org.mule.exception.DefaultMessagingExceptionStrategy@7c61bd5d
INFO  2016-12-20 11:39:08,282 [Thread-15] org.mule.processor.SedaStageLifecycleManager: Initialising service: logFlights.stage1
INFO  2016-12-20 11:39:08,295 [Thread-15] org.mule.config.spring.SpringXmlConfigurationBuilder: Configured Mule using "org.mule.config.spring.SpringXmlConfigurationBuilder" with configuration resource(s): "[ConfigResource{resourceName='maven-project.xml'}]"
INFO  2016-12-20 11:39:08,297 [Thread-15] org.mule.util.queue.QueueXaResourceManager: Starting ResourceManager
INFO  2016-12-20 11:39:08,297 [Thread-15] org.mule.util.queue.QueueXaResourceManager: Started ResourceManager
INFO  2016-12-20 11:39:08,321 [Thread-15] org.mule.module.http.internal.listener.DefaultHttpListenerConfig: Listening for requests on http://0.0.0.0:8081
INFO  2016-12-20 11:39:08,355 [Thread-15] org.mule.transport.jms.CustomCachingConnectionFactory: Established shared JMS Connection: ActiveMQConnection {id=ID:BUR30I796-52162-1482251946865-7:1,clientId=null,started=false}
INFO  2016-12-20 11:39:08,361 [Thread-15] org.mule.transport.jms.activemq.ActiveMQJmsConnector: Connected: ActiveMQJmsConnector
{
  name=Active_MQ
  lifecycle=initialise
  this=7169e125
  numberOfConcurrentTransactedReceivers=4
  createMultipleTransactedReceivers=true
  connected=true
  supportedProtocols=[jms]
  serviceOverrides=<none>
}

INFO  2016-12-20 11:39:08,361 [Thread-15] org.mule.transport.jms.activemq.ActiveMQJmsConnector: Starting: ActiveMQJmsConnector
{
  name=Active_MQ
  lifecycle=initialise
  this=7169e125
  numberOfConcurrentTransactedReceivers=4
  createMultipleTransactedReceivers=true
  connected=true
  supportedProtocols=[jms]
  serviceOverrides=<none>
}

INFO  2016-12-20 11:39:08,361 [Thread-15] org.mule.lifecycle.AbstractLifecycleManager: Starting connector: Active_MQ
INFO  2016-12-20 11:39:08,362 [Thread-15] org.mule.lifecycle.AbstractLifecycleManager: Starting model: _muleSystemModel
INFO  2016-12-20 11:39:08,363 [Thread-15] org.mule.construct.FlowConstructLifecycleManager: Starting flow: mavenFlow
INFO  2016-12-20 11:39:08,363 [Thread-15] org.mule.processor.SedaStageLifecycleManager: Starting service: mavenFlow.stage1
INFO  2016-12-20 11:39:08,365 [Thread-15] org.mule.construct.FlowConstructLifecycleManager: Starting flow: retreiveFlights
INFO  2016-12-20 11:39:08,365 [Thread-15] org.mule.processor.SedaStageLifecycleManager: Starting service: retreiveFlights.stage1
INFO  2016-12-20 11:39:08,367 [Thread-15] org.mule.construct.FlowConstructLifecycleManager: Starting flow: logFlights
INFO  2016-12-20 11:39:08,367 [Thread-15] org.mule.processor.SedaStageLifecycleManager: Starting service: logFlights.stage1
INFO  2016-12-20 11:39:08,369 [Thread-15] org.mule.transport.jms.activemq.ActiveMQJmsConnector: Registering listener: logFlights on endpointUri: jms://flights
INFO  2016-12-20 11:39:08,370 [Thread-15] org.mule.transport.service.DefaultTransportServiceDescriptor: Loading default inbound transformer: org.mule.transport.jms.transformers.JMSMessageToObject
INFO  2016-12-20 11:39:08,370 [Thread-15] org.mule.transport.service.DefaultTransportServiceDescriptor: Loading default response transformer: org.mule.transport.jms.transformers.ObjectToJMSMessage
INFO  2016-12-20 11:39:08,370 [Thread-15] org.mule.lifecycle.AbstractLifecycleManager: Initialising: 'null'. Object is: MultiConsumerJmsMessageReceiver
INFO  2016-12-20 11:39:08,370 [Thread-15] org.mule.transport.jms.MultiConsumerJmsMessageReceiver: Connecting clusterizable message receiver
INFO  2016-12-20 11:39:08,375 [Thread-15] org.mule.transport.jms.MultiConsumerJmsMessageReceiver: Endpoint jms://flights has been successfully reconnected.
INFO  2016-12-20 11:39:08,376 [Thread-15] org.mule.lifecycle.AbstractLifecycleManager: Starting: 'null'. Object is: MultiConsumerJmsMessageReceiver
INFO  2016-12-20 11:39:08,376 [Thread-15] org.mule.transport.jms.MultiConsumerJmsMessageReceiver: Starting clusterizable message receiver
INFO  2016-12-20 11:39:08,382 [Thread-15] org.mule.DefaultMuleContext: 
**********************************************************************
* Mule Runtime and Integration Platform                              *
* Version: 3.8.2 Build: b8f344be                                     *
* MuleSoft, Inc.                                                     *
* For more information go to http://www.mulesoft.org                 *
*                                                                    *
* Server started: 16-12-20 11:39                                     *
* Server ID: d3bcdae0-c6d2-11e6-ae0d-c8d3ff2a1489                    *
* JDK: 1.8.0_112 (mixed mode)                                        *
* OS encoding: Cp1252, Mule encoding: UTF-8                          *
* OS: Windows 10 -  (10.0, amd64)                                    *
* Host: BUR30I796 (10.30.134.95)                                     *
*                                                                    *
* Agents Running: None                                               *
**********************************************************************
WARN  2016-12-20 11:39:08,382 [Thread-15] org.mule.model.seda.SedaModel: The <model> element is deprecated in Mule 3.4 and will be removed in Mule 4.0.  Flows do not need to be configured inside a <model> element. 
INFO  2016-12-20 11:39:08,382 [Thread-15] org.mule.lifecycle.AbstractLifecycleManager: Initialising model: main
INFO  2016-12-20 11:39:08,382 [Thread-15] org.mule.lifecycle.AbstractLifecycleManager: Starting model: main
WARN  2016-12-20 11:39:08,383 [Thread-15] org.mule.model.seda.SedaService: Services (SedaService or any custom implementation) are deprecated in Mule 3.4 and will be removed in Mule 4.0. 
INFO  2016-12-20 11:39:08,383 [Thread-15] org.mule.service.ServiceLifecycleManager: Initialising service: appleService
INFO  2016-12-20 11:39:08,385 [Thread-15] org.mule.exception.DefaultMessagingExceptionStrategy: Initialising exception listener: org.mule.exception.DefaultMessagingExceptionStrategy@4c3a5b33
INFO  2016-12-20 11:39:08,385 [Thread-15] org.mule.component.ComponentLifecycleManager: Initialising component: component.71344015
INFO  2016-12-20 11:39:08,385 [Thread-15] org.mule.processor.SedaStageLifecycleManager: Initialising service: appleService
INFO  2016-12-20 11:39:08,385 [Thread-15] org.mule.service.ServiceLifecycleManager: Starting service: appleService
INFO  2016-12-20 11:39:08,385 [Thread-15] org.mule.component.ComponentLifecycleManager: Starting component: component.71344015
INFO  2016-12-20 11:39:08,386 [Thread-15] org.mule.processor.SedaStageLifecycleManager: Starting service: appleService
INFO  2016-12-20 11:39:08,388 [Thread-15] org.mule.lifecycle.AbstractLifecycleManager: Initialising connector: testConnector
INFO  2016-12-20 11:39:08,396 [Thread-15] org.mule.tck.testmodels.mule.TestConnector: Connected: TestConnector
{
  name=testConnector
  lifecycle=initialise
  this=42a4651b
  numberOfConcurrentTransactedReceivers=4
  createMultipleTransactedReceivers=true
  connected=true
  supportedProtocols=[test]
  serviceOverrides=<none>
}

INFO  2016-12-20 11:39:08,396 [Thread-15] org.mule.tck.testmodels.mule.TestConnector: Starting: TestConnector
{
  name=testConnector
  lifecycle=initialise
  this=42a4651b
  numberOfConcurrentTransactedReceivers=4
  createMultipleTransactedReceivers=true
  connected=true
  supportedProtocols=[test]
  serviceOverrides=<none>
}

INFO  2016-12-20 11:39:08,396 [Thread-15] org.mule.lifecycle.AbstractLifecycleManager: Starting connector: testConnector
INFO  2016-12-20 11:39:08,397 [Thread-15] org.mule.construct.FlowConstructLifecycleManager: Stopping flow: mavenFlow
INFO  2016-12-20 11:39:08,398 [Thread-15] org.mule.processor.SedaStageLifecycleManager: Stopping service: mavenFlow.stage1
INFO  2016-12-20 11:39:08,567 [Thread-15] org.mule.construct.FlowConstructLifecycleManager: Stopping flow: retreiveFlights
INFO  2016-12-20 11:39:08,567 [Thread-15] org.mule.processor.SedaStageLifecycleManager: Stopping service: retreiveFlights.stage1
INFO  2016-12-20 11:39:08,569 [Thread-15] org.mule.construct.FlowConstructLifecycleManager: Stopping flow: logFlights
INFO  2016-12-20 11:39:08,569 [Thread-15] org.mule.transport.jms.activemq.ActiveMQJmsConnector: Removing listener on endpointUri: jms://flights
INFO  2016-12-20 11:39:08,569 [Thread-15] org.mule.lifecycle.AbstractLifecycleManager: Stopping: 'null'. Object is: MultiConsumerJmsMessageReceiver
INFO  2016-12-20 11:39:08,570 [Thread-15] org.mule.lifecycle.AbstractLifecycleManager: Disposing: 'null'. Object is: MultiConsumerJmsMessageReceiver
INFO  2016-12-20 11:39:08,570 [Thread-15] org.mule.processor.SedaStageLifecycleManager: Stopping service: logFlights.stage1
INFO  2016-12-20 11:39:08,572 [Thread-15] org.mule.service.ServiceLifecycleManager: Stopping service: appleService
INFO  2016-12-20 11:39:08,572 [Thread-15] org.mule.processor.SedaStageLifecycleManager: Stopping service: appleService
INFO  2016-12-20 11:39:08,588 [Thread-15] org.mule.component.ComponentLifecycleManager: Stopping component: component.71344015
INFO  2016-12-20 11:39:08,592 [Thread-15] org.mule.lifecycle.AbstractLifecycleManager: Stopping model: _muleSystemModel
INFO  2016-12-20 11:39:08,595 [Thread-15] org.mule.lifecycle.AbstractLifecycleManager: Stopping connector: Active_MQ
INFO  2016-12-20 11:39:08,598 [Thread-15] org.mule.module.http.internal.listener.DefaultHttpListenerConfig: Stopped listener on http://0.0.0.0:8081
INFO  2016-12-20 11:39:08,600 [Thread-15] org.mule.util.queue.QueueXaResourceManager: Stopping ResourceManager
INFO  2016-12-20 11:39:08,600 [Thread-15] org.mule.util.queue.QueueXaResourceManager: Stopped ResourceManager
INFO  2016-12-20 11:39:08,604 [Thread-15] org.mule.lifecycle.AbstractLifecycleManager: Disposing RegistryBroker
INFO  2016-12-20 11:39:08,605 [Thread-15] org.mule.construct.FlowConstructLifecycleManager: Disposing flow: mavenFlow
INFO  2016-12-20 11:39:08,605 [Thread-15] org.mule.processor.SedaStageLifecycleManager: Disposing service: mavenFlow.stage1
INFO  2016-12-20 11:39:08,606 [Thread-15] org.mule.construct.FlowConstructLifecycleManager: Disposing flow: retreiveFlights
INFO  2016-12-20 11:39:08,606 [Thread-15] org.mule.processor.SedaStageLifecycleManager: Disposing service: retreiveFlights.stage1
INFO  2016-12-20 11:39:08,607 [Thread-15] org.mule.construct.FlowConstructLifecycleManager: Disposing flow: logFlights
INFO  2016-12-20 11:39:08,607 [Thread-15] org.mule.processor.SedaStageLifecycleManager: Disposing service: logFlights.stage1
INFO  2016-12-20 11:39:08,608 [Thread-15] org.mule.service.ServiceLifecycleManager: Disposing service: appleService
INFO  2016-12-20 11:39:08,608 [Thread-15] org.mule.component.ComponentLifecycleManager: Disposing component: component.71344015
INFO  2016-12-20 11:39:08,608 [Thread-15] org.mule.processor.SedaStageLifecycleManager: Disposing service: appleService
INFO  2016-12-20 11:39:08,611 [Thread-15] org.mule.lifecycle.AbstractLifecycleManager: Disposing model: _muleSystemModel
INFO  2016-12-20 11:39:08,614 [Thread-15] org.mule.transport.jms.activemq.ActiveMQJmsConnector: Disconnected: ActiveMQJmsConnector
{
  name=Active_MQ
  lifecycle=stop
  this=7169e125
  numberOfConcurrentTransactedReceivers=4
  createMultipleTransactedReceivers=true
  connected=true
  supportedProtocols=[jms]
  serviceOverrides=<none>
}

INFO  2016-12-20 11:39:08,614 [Thread-15] org.mule.lifecycle.AbstractLifecycleManager: Disposing connector: Active_MQ
INFO  2016-12-20 11:39:08,702 [Thread-15] org.mule.config.spring.MuleArtifactContext: Closing org.mule.config.spring.MuleArtifactContext@3ce31c0e: startup date [Tue Dec 20 11:39:07 EST 2016]; root of context hierarchy
INFO  2016-12-20 11:39:08,817 [Thread-15] org.mule.DefaultMuleContext: 
**********************************************************************
* Mule Context shut down normally on: 16-12-20 11:39                 *
* Server was up for: 0 days, 0 hours, 0 mins, 0.520 sec              *
**********************************************************************
]]></system-out>
  </testcase>
</testsuite>